=== START 01-aeo-hook-en Thu May 28 07:11:30 PSAST 2026 ===
Generating HeyGen video...
  avatar : 750474a828194ca5a818c8990cb42802
  voice  : b02e8659016f4dbb8a92004cdf50ad04
  size   : 720x1280
Submitted. video_id = 079f6bb75c0040fc80e5a95b462f6a4e
  status=processing ... waiting 10s
  status=processing ... waiting 10s
  status=processing ... waiting 10s
  status=processing ... waiting 10s
  status=processing ... waiting 10s
  status=processing ... waiting 10s
  status=processing ... waiting 10s

DONE. Download your video:
https://files2.heygen.ai/aws_pacific/avatar_tmp/6c47fc3f4876401a9291244ef3454063/079f6bb75c0040fc80e5a95b462f6a4e.mp4?Expires=1780571568&Signature=gHD0gSlHKsgxQDSBMOXd4qaBNXFgiE60kJ9WJdAsf72jcIsX080eKPo3cnSmFl~EVT~OHqMNd0GXFOZhrdPYO~xnPD9TBOdLhe-4E4KSqu-FJctFzYIka~K3Kya8sF6VHhDxlBayX5eYG~7Mb-WFRkm9MBFQ0JEc3tkrNrwlQ6zCM~3erQulAIfI0hYijCRVlYEaMSUsFGLGGR2GA7KE-QIv7LucEM0j62pUC7bhavOKiMulcJT2DcuqcScmUnhvLmhe9ye2kib18giObzhxbL6SnI6IkyFLxLar9ILQpFo5B~PR6hFKn1mc1KZS9aIfirn5PZcrHpZ~uBVlKnI3xw__&Key-Pair-Id=K38HBHX5LX3X2H
=== END   01-aeo-hook-en Thu May 28 07:12:48 PSAST 2026 ===
=== START 02-audit-teaser-en Thu May 28 07:12:48 PSAST 2026 ===
Generating HeyGen video...
  avatar : 750474a828194ca5a818c8990cb42802
  voice  : b02e8659016f4dbb8a92004cdf50ad04
  size   : 720x1280
Submitted. video_id = d6a5204b305d4a799eec7336757e1e37
  status=processing ... waiting 10s
  status=processing ... waiting 10s
  status=processing ... waiting 10s
  status=processing ... waiting 10s
  status=processing ... waiting 10s
  status=processing ... waiting 10s
  status=processing ... waiting 10s
  status=processing ... waiting 10s

DONE. Download your video:
https://files2.heygen.ai/aws_pacific/avatar_tmp/6c47fc3f4876401a9291244ef3454063/d6a5204b305d4a799eec7336757e1e37.mp4?Expires=1780571657&Signature=HHAGYMpDQH39qKq9xRvejFW4QqzDF4zLl9xKNoyduOaz-dqaOkFI64owWtSum08BFbskkQidYq-M3k2ALZS5gL6US7POlLwZeDgysRJhaj9PJt-lA7cPkFMdMX~-7r5L0ZK0-SCnaiVWlGbfDZjXlyTw09l97jRFVgS6vPXB2oIQGpM-Ysd74Ekyr8z7HFXC7OQR8ssWtWZgcPDdRNON-fNyw5eP3zrzgfCAdoDvAa5wgN~51o4~RtnDrHzHfr1XIjNEDMMbgcMU-Zd9mWlyOmVlMG2Z8hNS0sV~ExvVlo-whqaR6uQYHC2f7IQGqqa~0U1JIKTrOhelfTUW2JYnfQ__&Key-Pair-Id=K38HBHX5LX3X2H
=== END   02-audit-teaser-en Thu May 28 07:14:17 PSAST 2026 ===
=== START 03-client-win-en Thu May 28 07:14:17 PSAST 2026 ===
Generating HeyGen video...
  avatar : 750474a828194ca5a818c8990cb42802
  voice  : b02e8659016f4dbb8a92004cdf50ad04
  size   : 720x1280
Submitted. video_id = 54000598e17b4494854d66e2013afac8
  status=processing ... waiting 10s
  status=processing ... waiting 10s
  status=processing ... waiting 10s
  status=processing ... waiting 10s
  status=processing ... waiting 10s
  status=processing ... waiting 10s

DONE. Download your video:
https://files2.heygen.ai/aws_pacific/avatar_tmp/6c47fc3f4876401a9291244ef3454063/54000598e17b4494854d66e2013afac8.mp4?Expires=1780571725&Signature=CFOo45V5rxA~tldK9IZWtjcaCmasCDVbWYqgVzrQi1JrwgfIzvAjgRbRGrzAqKxOyDjvtkLSsuUxiGcPcYv2aTVNDA5Qm1rOGBqjXG8Gkbb~JC0wLrveA5tXPtihwHPgQNaTrjR3JljJWwh4s~4GKYt3CEU5pjMnLDGFwWs5xs4MbQZ0cCkSNQBCYWiZuh6ktXjm-l-7cKJukfpsbh8L5L~Uj3aCh-9-6B1izdrJxOp9ejgHNNVeNNZeiSwNXQYx-1~3jm8~3PwYhlK-VTk6sFt6KVe-HMRb0YcldHv9QpXRFrvRdC01a-SNKuOLjxQ~4mWEPJEmiEukezpsgTgurA__&Key-Pair-Id=K38HBHX5LX3X2H
=== END   03-client-win-en Thu May 28 07:15:25 PSAST 2026 ===
=== START 04-retainer-credit-en Thu May 28 07:15:25 PSAST 2026 ===
Generating HeyGen video...
  avatar : 750474a828194ca5a818c8990cb42802
  voice  : b02e8659016f4dbb8a92004cdf50ad04
  size   : 720x1280
Submitted. video_id = 4b020bd48c6243c08df5297223e99c52
  status=waiting ... waiting 10s
  status=processing ... waiting 10s
  status=processing ... waiting 10s
  status=processing ... waiting 10s
  status=processing ... waiting 10s
  status=processing ... waiting 10s

DONE. Download your video:
https://files2.heygen.ai/aws_pacific/avatar_tmp/6c47fc3f4876401a9291244ef3454063/4b020bd48c6243c08df5297223e99c52.mp4?Expires=1780571792&Signature=kgSN~DVRYgyGDYEvBTrXanOkv1d1cT-BxxI7BY6WnXqAYtVRezbhuZFY6k5k8mStTc7HKgdcrpMjoQq1o32gq0KOe8N9KxV9A5h34-adABqOrcRMcKy~CIR1TkiG27wEDDICQAXRtO8OorbOm3lutJP~bDoe9RDRng7CKStmr0csvAYhVaQOWpiLRe~lbFEjMXwpwciZJ8Q97gGQ7qvy9c8fe-6uhHFKApq~FjXoU-EeiHY54Bsyd68DAMjUWmeG-yjksmE5l4saKs-KPhZpq8LzUVZ-VbSXENNvRZ6ETMvYg1VF89Y5FPvvvkQE1xymzXPf2E10BQuKDt4Nht1n6Q__&Key-Pair-Id=K38HBHX5LX3X2H
=== END   04-retainer-credit-en Thu May 28 07:16:32 PSAST 2026 ===
=== START 05-niche-pivot-en Thu May 28 07:16:32 PSAST 2026 ===
Generating HeyGen video...
  avatar : 750474a828194ca5a818c8990cb42802
  voice  : b02e8659016f4dbb8a92004cdf50ad04
  size   : 720x1280
Submitted. video_id = e38b1c2763fb4010b70cdf4a4302a55c
  status=waiting ... waiting 10s
  status=processing ... waiting 10s
  status=processing ... waiting 10s
  status=processing ... waiting 10s
  status=processing ... waiting 10s
  status=processing ... waiting 10s
  status=processing ... waiting 10s
  status=processing ... waiting 10s

DONE. Download your video:
https://files2.heygen.ai/aws_pacific/avatar_tmp/6c47fc3f4876401a9291244ef3454063/e38b1c2763fb4010b70cdf4a4302a55c.mp4?Expires=1780571879&Signature=IVnBNn~UpQDfj5VA7VNBmU0rTQZohMJEvbvFJ8YDnqNTO0TggPFeG7PT5Iy4Tctst-vvHkJtNyqkVl4zzGsqs514KdSAHPUmekyUmiZhniuXyJnBDYSwcD1ojvKDgdqGOMkVXjCgdYR5bg9iXZUgB4-UanLmlQ1z2z6uJtLRjsloUaYxT6XiNX28eW45SuViYD3KTbHllrbm4iPFO1wyRffvCZZ~jVAswZ4twdTaX9hO35jCAlu95pnv-lJ4yHNnzeNTKl1EGyxzgjO1QdyAkDA1qIcHyaZAAEjzrrG0MIIZEqftXLhyudYIXuhYiOv6vnpo9CksbXIMReVPLeM-TQ__&Key-Pair-Id=K38HBHX5LX3X2H
=== END   05-niche-pivot-en Thu May 28 07:18:00 PSAST 2026 ===
=== START 06-tuesday-brief-en Thu May 28 07:18:00 PSAST 2026 ===
Generating HeyGen video...
  avatar : 750474a828194ca5a818c8990cb42802
  voice  : b02e8659016f4dbb8a92004cdf50ad04
  size   : 720x1280
Submitted. video_id = dbdcbc263174437fa299106531ba802d
  status=processing ... waiting 10s
  status=processing ... waiting 10s
  status=processing ... waiting 10s
  status=processing ... waiting 10s
  status=processing ... waiting 10s
  status=processing ... waiting 10s
  status=processing ... waiting 10s

DONE. Download your video:
https://files2.heygen.ai/aws_pacific/avatar_tmp/6c47fc3f4876401a9291244ef3454063/dbdcbc263174437fa299106531ba802d.mp4?Expires=1780571958&Signature=nucuqKe9KIgqornfA2FdvBHB1OnZFaSNfwnN2fqDMXPq4vznNPovmvPOG9aw7-CPFHYIGsarkx4B2EoLwx6nHO3rc6h8HeE8GzAjGHk9UH4BbrZOs7hYLiR2WGT~Pe30Qsds0PB4UsEgtl12HCoP99q1lIDw83KuHV46WpcFBDFBeY9HJPP6w1N6ipI6xry3-dNSXhJF7D8DbSX5ovuvWrESSNh06jqFCTnupUgF6SX0qpf1Loah7LMSKa8OcsSNtb7C5Booy5thTN1SzJOg2Zqv2xjPAUB~wrwFs9AMLzbkuNnnHy5pAUMeHJ-WkggUq2KqTnac56WkUedSLYi-OA__&Key-Pair-Id=K38HBHX5LX3X2H
=== END   06-tuesday-brief-en Thu May 28 07:19:18 PSAST 2026 ===
=== START 07-aeo-hook-es Thu May 28 07:19:18 PSAST 2026 ===
Generating HeyGen video...
  avatar : 750474a828194ca5a818c8990cb42802
  voice  : b02e8659016f4dbb8a92004cdf50ad04
  size   : 720x1280
Submitted. video_id = 6b8c4a53ce22415da0ad3950bd940134
  status=waiting ... waiting 10s
  status=processing ... waiting 10s
  status=processing ... waiting 10s
  status=processing ... waiting 10s
  status=processing ... waiting 10s
  status=processing ... waiting 10s
  status=processing ... waiting 10s

DONE. Download your video:
https://files2.heygen.ai/aws_pacific/avatar_tmp/6c47fc3f4876401a9291244ef3454063/6b8c4a53ce22415da0ad3950bd940134.mp4?Expires=1780572036&Signature=nOqIw~pWjkbR2-ktJbepILP3Ld9yE39g1zQ-A~Nylj~7HLrYKr4qLAsGYOKwao-W4leTvchSvE7Yr~sZOHoM0OkRmypmDFlzqOX2xf9hELnb-Uf0JuG46nad2vymohmd423AYLKDjWbzeqQtXURYp5w0lD9S2krrnA9aRwSKlQ2eMTRrBp9OvMZEIkeUyOBoAF~8JQ1pYnK-TaEPQFkADbxiLz3hls--royIWrpX3mtWa7wbSL-uE6DLA8~TaDAKewGHX3DNV5I0ai4X7w5RuHIUW8b~-XeTf-6QmIt-m9Q6AQE3ZROL-tKx-Y7jQSnWkWkE2kZ5suCeTIeYBzpQQg__&Key-Pair-Id=K38HBHX5LX3X2H
=== END   07-aeo-hook-es Thu May 28 07:20:36 PSAST 2026 ===
=== START 08-audit-teaser-es Thu May 28 07:20:36 PSAST 2026 ===
Generating HeyGen video...
  avatar : 750474a828194ca5a818c8990cb42802
  voice  : b02e8659016f4dbb8a92004cdf50ad04
  size   : 720x1280
Submitted. video_id = e845f665b4ae4078a0bf665c6d37f888
  status=waiting ... waiting 10s
  status=processing ... waiting 10s
  status=processing ... waiting 10s
  status=processing ... waiting 10s
  status=processing ... waiting 10s
  status=processing ... waiting 10s
  status=processing ... waiting 10s
  status=processing ... waiting 10s
  status=processing ... waiting 10s
  status=processing ... waiting 10s

DONE. Download your video:
https://files2.heygen.ai/aws_pacific/avatar_tmp/6c47fc3f4876401a9291244ef3454063/e845f665b4ae4078a0bf665c6d37f888.mp4?Expires=1780572148&Signature=dKI5bka~QZkMIbPsjw5U2YFqmu3pAuqHFmHZXYg1jIMqa9RlsZyUKBBaE6mnqFCGZOyycCJ15E0a9glp1mhXfY~Lhl7-kpE-VebMEHP5TZf4Q9gkhKSI3JJKZN3xlaXPbLtp-DFs4UBlA9b7piIkDLMr5a840xNv6nSlwH7b~n53Iw6Jc9QTFSl~esfa3PJl-C8of-KHvZrorUHTeQ8tLjPy5e7WImnIaG2ky1bbu8~mfQrNlwTmGmxHu9VApjOpOr2-gr3uCQaRbJZOkZzAOntGYi4c8bI01MVULJClYPlCEuQoPXcxf9RfHzubpn9ixX7fzfBfwmigX6sX21mT7g__&Key-Pair-Id=K38HBHX5LX3X2H
=== END   08-audit-teaser-es Thu May 28 07:22:28 PSAST 2026 ===
=== START 09-client-win-es Thu May 28 07:22:28 PSAST 2026 ===
Generating HeyGen video...
  avatar : 750474a828194ca5a818c8990cb42802
  voice  : b02e8659016f4dbb8a92004cdf50ad04
  size   : 720x1280
Submitted. video_id = b1f713a18d664bd984c58e61cd4404f0
  status=waiting ... waiting 10s
  status=processing ... waiting 10s
  status=processing ... waiting 10s
  status=processing ... waiting 10s
  status=processing ... waiting 10s

DONE. Download your video:
https://files2.heygen.ai/aws_pacific/avatar_tmp/6c47fc3f4876401a9291244ef3454063/b1f713a18d664bd984c58e61cd4404f0.mp4?Expires=1780572204&Signature=nfoSWkFUYuurzCYlxwXbaCI0onlt-EwGXwlKtSa0BxRo7nRFhA5ASCCrvC-yqrk~rgtHOma5rwEvYu4CcT2RbdBL8WRsTulcGUeLXcy3-lXWCjEbWFPoQlEbLvbpcZXbK6Kcut2GLc8KfnwSrqmzo55OYF3WUhA2mTqgOHK6yOwr5s2A-6ub1PoX3FHqrY6FsWY3lLObwsc~CdtXoeF7Mhj0gjP9-NTccMbWo730v7F1kga5pZFolTq19ZGsX7bbG1kJES3I0fLrd6DrwYS647J7vNTjMpsaPxh~Pd0QBAVUCffRWuyFnAfgs-YrHXosyfTFxjBRZQKahanD16EQdg__&Key-Pair-Id=K38HBHX5LX3X2H
=== END   09-client-win-es Thu May 28 07:23:24 PSAST 2026 ===
=== START 10-retainer-credit-es Thu May 28 07:23:24 PSAST 2026 ===
Generating HeyGen video...
  avatar : 750474a828194ca5a818c8990cb42802
  voice  : b02e8659016f4dbb8a92004cdf50ad04
  size   : 720x1280
Submitted. video_id = de83bdc0458d46d8bceb0a67d8d57a28
  status=waiting ... waiting 10s
  status=processing ... waiting 10s
  status=processing ... waiting 10s
  status=processing ... waiting 10s
  status=processing ... waiting 10s
  status=processing ... waiting 10s
  status=processing ... waiting 10s
  status=processing ... waiting 10s

DONE. Download your video:
https://files2.heygen.ai/aws_pacific/avatar_tmp/6c47fc3f4876401a9291244ef3454063/de83bdc0458d46d8bceb0a67d8d57a28.mp4?Expires=1780572293&Signature=XA6toHZezpSEYMgNoT5-a~MoYl8tT8kk-Hz2SkTeoKriAHyUVDl-MWHf5cxdzLqhv9GLeq-Kw0feVHEgmcPamKNp-I2eHRuOZRaShn-i9T1HL9sEnKD9g3hAPDhYGI~ZgAm~2ViAgv-2TKQ5V~cpXQhfafAUBvX3BQnsQJB9JhCjz-xVuRzPwSnywO07C5dkXSQCg7tLzNvg-X18vMWb2Wc-31c0Y6OvDwOyWEGPaQiKSy9MUiPTGfBCrUZQS1eDU95e4GBwcvENZ98vgqpZE7MOCYDQwjLn3DXFcYuN4mkki66sb8yrkFtJbkPB2AHSdDVFL5qxBqwPxCyuFmtSkA__&Key-Pair-Id=K38HBHX5LX3X2H
=== END   10-retainer-credit-es Thu May 28 07:24:52 PSAST 2026 ===
=== START 11-niche-pivot-es Thu May 28 07:24:52 PSAST 2026 ===
Generating HeyGen video...
  avatar : 750474a828194ca5a818c8990cb42802
  voice  : b02e8659016f4dbb8a92004cdf50ad04
  size   : 720x1280
Submitted. video_id = 893e45504acd4cd78116e4e3f014874f
  status=waiting ... waiting 10s
  status=processing ... waiting 10s
  status=processing ... waiting 10s
  status=processing ... waiting 10s
  status=processing ... waiting 10s
  status=processing ... waiting 10s
  status=processing ... waiting 10s
  status=processing ... waiting 10s

DONE. Download your video:
https://files2.heygen.ai/aws_pacific/avatar_tmp/6c47fc3f4876401a9291244ef3454063/893e45504acd4cd78116e4e3f014874f.mp4?Expires=1780572382&Signature=AiH2HmtLpr-SPvSAbdwIJnAuSkHZj0cHBIiCB6faXGDfDWzKS-GOUP6HkanUWWLlXmWEDaYkAWK~EpltYf~vY0b~5v62o1~1Rf5QPUaGtN-NOTpaf7vCtY2Gn0hZEhG0bHuatexopgh5N~57jlZUBmacB1Gbup9JJiJjyIFywGeBvYzSQFAHduE5MskS2~dXqT6M3EbtPSA9Lo25jUKKgiPdrCBwOCfvKvwS2nnQ0uez2GxA6FwPJ7Y4-Vi12C12uvlspX3dUhQ6~AYRbJ9mqAfkN7hd-1h9q-l5UazfsjKudGXbl16SAOihsGGWC4HlcJ7WozcBe~LjHu2IZzJWBg__&Key-Pair-Id=K38HBHX5LX3X2H
=== END   11-niche-pivot-es Thu May 28 07:26:22 PSAST 2026 ===
=== START 12-tuesday-brief-es Thu May 28 07:26:22 PSAST 2026 ===
Generating HeyGen video...
  avatar : 750474a828194ca5a818c8990cb42802
  voice  : b02e8659016f4dbb8a92004cdf50ad04
  size   : 720x1280
Submitted. video_id = 4a4be4d6a417470b8b04062d7d1ecd5c
  status=waiting ... waiting 10s
  status=processing ... waiting 10s
  status=processing ... waiting 10s
  status=processing ... waiting 10s
  status=processing ... waiting 10s
  status=processing ... waiting 10s

DONE. Download your video:
https://files2.heygen.ai/aws_pacific/avatar_tmp/6c47fc3f4876401a9291244ef3454063/4a4be4d6a417470b8b04062d7d1ecd5c.mp4?Expires=1780572449&Signature=ImlntUZLGwP0GALoJvTOUM3zR4xsxzqmrQ1TGLDyhi07DtparD-o3WLUpnazSjjfLeQAeXsGDhHi7KNBDpk-QbPn93f5OFEt78ZVLhMiSk47u9NILaOJgOBOE~LYXE2tHVObGjU-YBWcr6~1rDtasa41FC8IN9xSJBtEKrFqn0FIpEtH2t3HiVMZU1rhKVLfnMHG0L7Vur8bRIPIN6FA28-xZpnILDPfcZ8ztpQ8SASJG1S8cccEcYJpTHetV-o9Ya3uVN0cGYnwXDAyan5ikoXQok5CcmJOxWiIEb5IJN3NZwkP5AUs3ldRXAZO-m7D2FeG3TPuYAAcmHJ0WsTl~A__&Key-Pair-Id=K38HBHX5LX3X2H
=== END   12-tuesday-brief-es Thu May 28 07:27:29 PSAST 2026 ===
=== ALL 12 BATCH-2 DONE Thu May 28 07:27:29 PSAST 2026 ===
