=== START 01-aeo-hook-en Thu May 28 07:08:53 PSAST 2026 ===
Generating HeyGen video...
  avatar : c58d907a18d3426085da01a855034d82
  voice  : b02e8659016f4dbb8a92004cdf50ad04
  size   : 720x1280
ERROR: HeyGen API 404 on POST /v2/video/generate
{"data":null,"error":{"code":"internal_error","message":"avatar look not found, look_id: c58d907a18d3426085da01a855034d82, space_id: 6c47fc3f4876401a9291244ef3454063"}}

=== END   01-aeo-hook-en Thu May 28 07:08:54 PSAST 2026 ===
=== START 02-audit-teaser-en Thu May 28 07:08:54 PSAST 2026 ===
Generating HeyGen video...
  avatar : c58d907a18d3426085da01a855034d82
  voice  : b02e8659016f4dbb8a92004cdf50ad04
  size   : 720x1280
ERROR: HeyGen API 404 on POST /v2/video/generate
{"data":null,"error":{"code":"internal_error","message":"avatar look not found, look_id: c58d907a18d3426085da01a855034d82, space_id: 6c47fc3f4876401a9291244ef3454063"}}

=== END   02-audit-teaser-en Thu May 28 07:08:55 PSAST 2026 ===
=== START 03-client-win-en Thu May 28 07:08:55 PSAST 2026 ===
Generating HeyGen video...
  avatar : c58d907a18d3426085da01a855034d82
  voice  : b02e8659016f4dbb8a92004cdf50ad04
  size   : 720x1280
ERROR: HeyGen API 404 on POST /v2/video/generate
{"data":null,"error":{"code":"internal_error","message":"avatar look not found, look_id: c58d907a18d3426085da01a855034d82, space_id: 6c47fc3f4876401a9291244ef3454063"}}

=== END   03-client-win-en Thu May 28 07:08:56 PSAST 2026 ===
=== START 04-retainer-credit-en Thu May 28 07:08:56 PSAST 2026 ===
Generating HeyGen video...
  avatar : c58d907a18d3426085da01a855034d82
  voice  : b02e8659016f4dbb8a92004cdf50ad04
  size   : 720x1280
ERROR: HeyGen API 404 on POST /v2/video/generate
{"data":null,"error":{"code":"internal_error","message":"avatar look not found, look_id: c58d907a18d3426085da01a855034d82, space_id: 6c47fc3f4876401a9291244ef3454063"}}

=== END   04-retainer-credit-en Thu May 28 07:08:57 PSAST 2026 ===
=== START 05-niche-pivot-en Thu May 28 07:08:57 PSAST 2026 ===
Generating HeyGen video...
  avatar : c58d907a18d3426085da01a855034d82
  voice  : b02e8659016f4dbb8a92004cdf50ad04
  size   : 720x1280
ERROR: HeyGen API 404 on POST /v2/video/generate
{"data":null,"error":{"code":"internal_error","message":"avatar look not found, look_id: c58d907a18d3426085da01a855034d82, space_id: 6c47fc3f4876401a9291244ef3454063"}}

=== END   05-niche-pivot-en Thu May 28 07:08:58 PSAST 2026 ===
=== START 06-tuesday-brief-en Thu May 28 07:08:58 PSAST 2026 ===
Generating HeyGen video...
  avatar : c58d907a18d3426085da01a855034d82
  voice  : b02e8659016f4dbb8a92004cdf50ad04
  size   : 720x1280
ERROR: HeyGen API 404 on POST /v2/video/generate
{"data":null,"error":{"code":"internal_error","message":"avatar look not found, look_id: c58d907a18d3426085da01a855034d82, space_id: 6c47fc3f4876401a9291244ef3454063"}}

=== END   06-tuesday-brief-en Thu May 28 07:08:59 PSAST 2026 ===
=== START 07-aeo-hook-es Thu May 28 07:08:59 PSAST 2026 ===
Generating HeyGen video...
  avatar : c58d907a18d3426085da01a855034d82
  voice  : b02e8659016f4dbb8a92004cdf50ad04
  size   : 720x1280
ERROR: HeyGen API 404 on POST /v2/video/generate
{"data":null,"error":{"code":"internal_error","message":"avatar look not found, look_id: c58d907a18d3426085da01a855034d82, space_id: 6c47fc3f4876401a9291244ef3454063"}}

=== END   07-aeo-hook-es Thu May 28 07:09:00 PSAST 2026 ===
=== START 08-audit-teaser-es Thu May 28 07:09:00 PSAST 2026 ===
Generating HeyGen video...
  avatar : c58d907a18d3426085da01a855034d82
  voice  : b02e8659016f4dbb8a92004cdf50ad04
  size   : 720x1280
ERROR: HeyGen API 404 on POST /v2/video/generate
{"data":null,"error":{"code":"internal_error","message":"avatar look not found, look_id: c58d907a18d3426085da01a855034d82, space_id: 6c47fc3f4876401a9291244ef3454063"}}

=== END   08-audit-teaser-es Thu May 28 07:09:01 PSAST 2026 ===
=== START 09-client-win-es Thu May 28 07:09:01 PSAST 2026 ===
Generating HeyGen video...
  avatar : c58d907a18d3426085da01a855034d82
  voice  : b02e8659016f4dbb8a92004cdf50ad04
  size   : 720x1280
ERROR: HeyGen API 404 on POST /v2/video/generate
{"data":null,"error":{"code":"internal_error","message":"avatar look not found, look_id: c58d907a18d3426085da01a855034d82, space_id: 6c47fc3f4876401a9291244ef3454063"}}

=== END   09-client-win-es Thu May 28 07:09:02 PSAST 2026 ===
=== START 10-retainer-credit-es Thu May 28 07:09:02 PSAST 2026 ===
Generating HeyGen video...
  avatar : c58d907a18d3426085da01a855034d82
  voice  : b02e8659016f4dbb8a92004cdf50ad04
  size   : 720x1280
ERROR: HeyGen API 404 on POST /v2/video/generate
{"data":null,"error":{"code":"internal_error","message":"avatar look not found, look_id: c58d907a18d3426085da01a855034d82, space_id: 6c47fc3f4876401a9291244ef3454063"}}

=== END   10-retainer-credit-es Thu May 28 07:09:03 PSAST 2026 ===
=== START 11-niche-pivot-es Thu May 28 07:09:03 PSAST 2026 ===
Generating HeyGen video...
  avatar : c58d907a18d3426085da01a855034d82
  voice  : b02e8659016f4dbb8a92004cdf50ad04
  size   : 720x1280
ERROR: HeyGen API 404 on POST /v2/video/generate
{"data":null,"error":{"code":"internal_error","message":"avatar look not found, look_id: c58d907a18d3426085da01a855034d82, space_id: 6c47fc3f4876401a9291244ef3454063"}}

=== END   11-niche-pivot-es Thu May 28 07:09:04 PSAST 2026 ===
=== START 12-tuesday-brief-es Thu May 28 07:09:04 PSAST 2026 ===
Generating HeyGen video...
  avatar : c58d907a18d3426085da01a855034d82
  voice  : b02e8659016f4dbb8a92004cdf50ad04
  size   : 720x1280
ERROR: HeyGen API 404 on POST /v2/video/generate
{"data":null,"error":{"code":"internal_error","message":"avatar look not found, look_id: c58d907a18d3426085da01a855034d82, space_id: 6c47fc3f4876401a9291244ef3454063"}}

=== END   12-tuesday-brief-es Thu May 28 07:09:05 PSAST 2026 ===
=== ALL 12 BATCH DONE Thu May 28 07:09:05 PSAST 2026 ===
