=== yt_click_tab.py started ===
Screen 1920x1080
Enumerating Chrome windows...
  hwnd=133332 vis=True title='Calendly - Google Chrome'
  hwnd=2820290 vis=True title='cPanel - Tools - Google Chrome'
Selected: hwnd=133332 title='Calendly - Google Chrome'
Window rect: -8,-8 1936x1048
Clicking Studio tab at (602,7)
  click(602,7) r=3
After tab click: 'Calendly - Google Chrome'
Not on Studio yet, trying tab positions 500..900 step 80
  Trying tab at x=500
  click(492,7) r=3
    title='Calendly - Google Chrome'
  Trying tab at x=580
  click(572,7) r=3
    title='Calendly - Google Chrome'
  Trying tab at x=660
  click(652,7) r=3
    title='Calendly - Google Chrome'
  Trying tab at x=740
  click(732,7) r=3
    title='Calendly - Google Chrome'
  Trying tab at x=820
  click(812,7) r=3
    title='Calendly - Google Chrome'
  Trying tab at x=900
  click(892,7) r=3
    title='Calendly - Google Chrome'
Current title: 'Calendly - Google Chrome'
Navigating to Studio via Ctrl+L...
Navigation sent, waiting 7s...
Title after navigation: 'Calendly - Google Chrome'
Window rect: -8,-8 1936x1048
Clicking Create at (1798,89)
  click(1798,89) r=3
Clicking Upload videos at (1798,129)
  click(1798,129) r=3
Clicking Select files at (960,666)
  click(960,666) r=3
Watching for file dialog (#32770)...
File dialog: hwnd=854274
Edit hwnd: 0
No Edit control - typing path directly
Path typed via SendInput unicode
=== Done - upload should be in progress ===
