=== yt_forcefocus.py started ===
Screen 1920x1080
Enumerating Chrome windows...
  hwnd=133332 vis=True 'Calendly - Google Chrome'
  hwnd=2820290 vis=True 'cPanel - Tools - Google Chrome'
Target: hwnd=133332 'Calendly - Google Chrome'
Forcing focus to Chrome...
  force_focus: cur_fg=133332 tid_fg=13104 tid_tgt=13104 tid_self=37584
  force_focus: new foreground=133332 (wanted 133332)
Rect: -8,-8 1936x1048
Navigating to YouTube Studio via address bar...
  Clipboard set to: https://studio.youtube.com/channel/UCZCCUGE38wgJfVrPtjejVnQ...
Clicking address bar at (960,39)
  click(960,39) r=3
Navigation sent, waiting 7s for Studio to load...
Title after navigation: 'Calendly - Google Chrome'
Still not Studio - re-forcing focus and trying again...
  force_focus: cur_fg=132606 tid_fg=19780 tid_tgt=13104 tid_self=37584
  force_focus: new foreground=133332 (wanted 133332)
  Clipboard set to: https://studio.youtube.com/channel/UCZCCUGE38wgJfVrPtjejVnQ...
Second navigation sent, waiting 8s...
Title after 2nd nav: 'Calendly - Google Chrome'
Rect: -8,-8 1936x1048
  force_focus: cur_fg=133332 tid_fg=13104 tid_tgt=13104 tid_self=37584
  force_focus: new foreground=133332 (wanted 133332)
Clicking Create at (1798,89)
  click(1798,89) r=3
Clicking Upload videos at (1798,129)
  click(1798,129) r=3
Clicking Select files at (960,666)
  click(960,666) r=3
Watching for file dialog...
File dialog: hwnd=592206
Edit hwnd: 0
No Edit ctrl - pasting via clipboard
  Clipboard set to: C:\Users\Usuario\Desktop\NetWebMedia\hyperframes\nwm-reels\r...
Path pasted via clipboard + Enter
=== Done - upload should be in progress ===
