=== yt_selectfiles.py started ===
Screen 1920x1080
Target: hwnd=2820290 title='Channel dashboard - YouTube Studio - Google Chrome'
  force_focus: ok=True
Rect: -8,-8 1936x1048
Starting Select files click sequence at x=960...
  Clicking Select files at (960,646) pct=0.60
  force_focus: ok=True
  click(960,646) r=3
  Clicking Select files at (960,627) pct=0.58
  force_focus: ok=True
  click(960,627) r=3
  Clicking Select files at (960,607) pct=0.56
  force_focus: ok=True
  click(960,607) r=3
  Clicking Select files at (960,666) pct=0.62
  force_focus: ok=True
  click(960,666) r=3
  Clicking Select files at (960,587) pct=0.54
  force_focus: ok=True
  click(960,587) r=3
  Clicking Select files at (960,568) pct=0.52
  force_focus: ok=True
  click(960,568) r=3
  Clicking Select files at (960,686) pct=0.64
  force_focus: ok=True
  click(960,686) r=3
  Clicking Select files at (960,548) pct=0.50
  force_focus: ok=True
  click(960,548) r=3
No file dialog found after all attempts
