=== yt_upload_v5.py started ===
Screen 1920x1080
Target hwnd=2820290 title='cPanel - Email Accounts - Google Chrome'
Forcing focus to Chrome...
  force_focus: ok=True new_fg=2820290
Trying Ctrl+8 to switch to 8th tab (first Studio tab)...
  After Ctrl+8: title='cPanel - Email Accounts - Google Chrome'
Trying Ctrl+9 (last tab)...
  After Ctrl+9: title='cPanel - Email Accounts - Google Chrome'
Trying Ctrl+7...
  After Ctrl+7: title='cPanel - Email Accounts - Google Chrome'
Cycling through tabs with Ctrl+Tab...
  Tab 1: title='netwebmedia.com/crm-vanilla/api/?r=campaigns - Google Chrome'
  Tab 2: title='netwebmedia.com/crm-vanilla/api/?r=campaigns - Google Chrome'
  Tab 3: title='netwebmedia.com/crm-vanilla/api/?r=campaigns - Google Chrome'
  Tab 4: title='netwebmedia.com/crm-vanilla/api/?r=campaigns - Google Chrome'
  Tab 5: title='netwebmedia.com/crm-vanilla/api/?r=campaigns - Google Chrome'
  Tab 6: title='netwebmedia.com/crm-vanilla/api/?r=campaigns - Google Chrome'
  Tab 7: title='netwebmedia.com/crm-vanilla/api/?r=campaigns - Google Chrome'
  Tab 8: title='netwebmedia.com/crm-vanilla/api/?r=campaigns - Google Chrome'
  Tab 9: title='netwebmedia.com/crm-vanilla/api/?r=campaigns - Google Chrome'
  Tab 10: title='netwebmedia.com/crm-vanilla/api/?r=campaigns - Google Chrome'
Current title: 'netwebmedia.com/crm-vanilla/api/?r=campaigns - Google Chrome'
Navigating via Ctrl+L...
  clip: https://studio.youtube.com/channel/UCZCCUGE38wgJfVrPtjejVnQ
  force_focus: ok=True new_fg=2820290
Waiting 9s for Studio to load...
Title: 'netwebmedia.com/crm-vanilla/api/?r=campaigns - Google Chrome'
Re-focusing...
  force_focus: ok=True new_fg=2820290
Rect: -8,-8 1936x1048
Clicking Create at (1798,89)
  click(1798,89) r=3
Clicking Upload videos at (1798,134)
  click(1798,134) r=3
Clicking Select files at (960,646)
  force_focus: ok=True new_fg=2820290
  click(960,646) r=3
Watching for file dialog...
  Retry Select files at (960,597)
  force_focus: ok=True new_fg=2820290
  click(960,597) r=3
  Retry Select files at (960,695)
  force_focus: ok=True new_fg=2820290
  click(960,695) r=3
  Retry Select files at (960,548)
  force_focus: ok=True new_fg=2820290
  click(960,548) r=3
  Retry Select files at (960,745)
  force_focus: ok=True new_fg=2820290
  click(960,745) r=3
TIMEOUT: no real file dialog
