=== yt_upload_v6.py started ===
Screen 1920x1080
Step 0: Closing stray dialogs...
  Found dialog hwnd=3868560 vis=True pid=34604 title='B:/'
  Sent Enter to close dialog 3868560
Step 1: Force focus to hwnd=2820290 title='netwebmedia.com/crm-vanilla/api/?r=campaigns - Google Chrome'
  force_focus: ok=True
  Rect: -8,-8 1936x1048
Step 2: Clicking Studio tabs (corrected x coords)...
  Clicking tab at (1279,17)
  click(1279,17) r=3
    title='netwebmedia.com/crm-vanilla/api/?r=campaigns - Google Chrome'
  Clicking tab at (1451,17)
  click(1451,17) r=3
    title='netwebmedia.com/crm-vanilla/api/?r=campaigns - Google Chrome'
  Clicking tab at (1350,17)
  click(1350,17) r=3
    title='netwebmedia.com/crm-vanilla/api/?r=campaigns - Google Chrome'
  Clicking tab at (1200,17)
  click(1200,17) r=3
    title='netwebmedia.com/crm-vanilla/api/?r=campaigns - Google Chrome'
  Clicking tab at (1400,17)
  click(1400,17) r=3
    title='netwebmedia.com/crm-vanilla/api/?r=campaigns - Google Chrome'
  Clicking tab at (1500,17)
  click(1500,17) r=3
    title='netwebmedia.com/crm-vanilla/api/?r=campaigns - Google Chrome'
  Clicking tab at (1150,17)
  click(1150,17) r=3
    title='netwebmedia.com/crm-vanilla/api/?r=campaigns - Google Chrome'
  Clicking tab at (1320,17)
  click(1320,17) r=3
    title='netwebmedia.com/crm-vanilla/api/?r=campaigns - Google Chrome'
  Clicking tab at (1380,17)
  click(1380,17) r=3
    title='netwebmedia.com/crm-vanilla/api/?r=campaigns - Google Chrome'
  Clicking tab at (1440,17)
  click(1440,17) r=3
    title='netwebmedia.com/crm-vanilla/api/?r=campaigns - Google Chrome'
Title after tab scan: 'netwebmedia.com/crm-vanilla/api/?r=campaigns - Google Chrome'
Step 3: Navigating via address bar...
  force_focus: ok=True
  click(960,52) r=3
  Waiting 10s for Studio to load...
  Title: 'netwebmedia.com/crm-vanilla/api/?r=campaigns - Google Chrome'
Step 4: Re-focusing for upload flow...
  force_focus: ok=True
  Rect: -8,-8 1936x1048
Step 5: Clicking Create at (1798,89)
  click(1798,89) r=3
  Title: 'netwebmedia.com/crm-vanilla/api/?r=campaigns - Google Chrome'
Step 6: Clicking Upload videos at (1798,134)
  click(1798,134) r=3
Step 7: Clicking Select files at (960,646)
  force_focus: ok=True
  click(960,646) r=3
Step 8: Watching for file dialog...
  Retry Select files at (960,597)
  force_focus: ok=True
  click(960,597) r=3
  Retry Select files at (960,695)
  force_focus: ok=True
  click(960,695) r=3
  Retry Select files at (960,548)
  force_focus: ok=True
  click(960,548) r=3
  Retry Select files at (960,745)
  force_focus: ok=True
  click(960,745) r=3
  Retry Select files at (960,499)
  force_focus: ok=True
  click(960,499) r=3
TIMEOUT: no real file dialog
