=== yt_upload_final.py started ===
Screen: 1920x1080
Enumerating Chrome windows...
  hwnd=133332 vis=True title='Calendly - Google Chrome'
  hwnd=2820290 vis=True title='cPanel - Tools - Google Chrome'
Fallback Chrome window: hwnd=133332 title='Calendly - Google Chrome'
Activating hwnd=133332
Window rect after maximize: -8,-8 1936x1048
Current window title: 'Calendly - Google Chrome'
Studio not in title — navigating via Ctrl+L...
Navigation sent, waiting 6s for Studio to load...
Window rect after navigation: -8,-8 1936x1048
Clicking Create at (1798,89)
  send_click(1798,89) -> SendInput result=3
Clicking Upload videos at (1798,134)
  send_click(1798,134) -> SendInput result=3
Clicking Select files at (960,666)
  send_click(960,666) -> SendInput result=3
Waiting for file dialog (#32770)...
File dialog found: hwnd=854274
Edit control: hwnd=0
No Edit control found — typing path directly
=== Script complete — upload should be in progress ===
