=== yt_upload_v4.py started ===
Screen 1920x1080
Target hwnd=2820290 title='cPanel - Email Accounts - Google Chrome'
Forcing focus...
  force_focus hwnd=2820290: ok=True new_fg=2820290
Rect: -8,-8 1936x1048
Tab bar y = 17
Scanning for Studio tab...
  Clicking tab at (1130,17)
  click(1130,17) r=3
    title='cPanel - Email Accounts - Google Chrome'
  Clicking tab at (1080,17)
  click(1080,17) r=3
    title='cPanel - Email Accounts - Google Chrome'
  Clicking tab at (1030,17)
  click(1030,17) r=3
    title='cPanel - Email Accounts - Google Chrome'
  Clicking tab at (980,17)
  click(980,17) r=3
    title='cPanel - Email Accounts - Google Chrome'
  Clicking tab at (930,17)
  click(930,17) r=3
    title='cPanel - Email Accounts - Google Chrome'
  Clicking tab at (880,17)
  click(880,17) r=3
    title='cPanel - Email Accounts - Google Chrome'
  Clicking tab at (1180,17)
  click(1180,17) r=3
    title='cPanel - Email Accounts - Google Chrome'
  Clicking tab at (1230,17)
  click(1230,17) r=3
    title='cPanel - Email Accounts - Google Chrome'
Title after tab scan: 'cPanel - Email Accounts - Google Chrome'
Not on Studio - navigating via address bar...
  clip: https://studio.youtube.com/channel/UCZCCUGE38wgJfVrPtjejVnQ
  force_focus hwnd=2820290: ok=True new_fg=2820290
  click(960,52) r=3
Navigating to Studio, waiting 8s...
Title: 'cPanel - Email Accounts - Google Chrome'
Re-focusing for upload flow...
  force_focus hwnd=2820290: ok=True new_fg=2820290
Rect: -8,-8 1936x1048
Clicking Create at (1798,89)
  click(1798,89) r=3
  Title: 'cPanel - Email Accounts - Google Chrome'
Clicking Upload videos at (1798,134)
  click(1798,134) r=3
Clicking Select files at (960,646)
  force_focus hwnd=2820290: ok=True new_fg=2820290
  click(960,646) r=3
Watching for file dialog (#32770)...
  Retry Select files at (960,597)
  force_focus hwnd=2820290: ok=True new_fg=2820290
  click(960,597) r=3
  Retry Select files at (960,695)
  force_focus hwnd=2820290: ok=True new_fg=2820290
  click(960,695) r=3
  Retry Select files at (960,548)
  force_focus hwnd=2820290: ok=True new_fg=2820290
  click(960,548) r=3
  Retry Select files at (960,745)
  force_focus hwnd=2820290: ok=True new_fg=2820290
  click(960,745) r=3
TIMEOUT: no real file dialog
