Everything up-to-date
Everything up-to-date
To https://github.com/netwebmedia/netwebmedia.git
   bb7f5a9ad..2a02e2a63  main -> main
To https://github.com/netwebmedia/netwebmedia.git
   d5aa5de0b..9205a6cba  main -> main
To https://github.com/netwebmedia/netwebmedia.git
   442328ab2..23ddb8066  main -> main
To https://github.com/netwebmedia/netwebmedia.git
   8ab41acce..93d32c267  main -> main
To https://github.com/netwebmedia/netwebmedia.git
   7f5dbd1f7..ece8dff6a  main -> main
To https://github.com/netwebmedia/netwebmedia.git
 ! [rejected]            main -> main (fetch first)
error: failed to push some refs to 'https://github.com/netwebmedia/netwebmedia.git'
hint: Updates were rejected because the remote contains work that you do not
hint: have locally. This is usually caused by another repository pushing to
hint: the same ref. If you want to integrate the remote changes, use
hint: 'git pull' before pushing again.
hint: See the 'Note about fast-forwards' in 'git push --help' for details.
To https://github.com/netwebmedia/netwebmedia.git
 ! [rejected]            main -> main (fetch first)
error: failed to push some refs to 'https://github.com/netwebmedia/netwebmedia.git'
hint: Updates were rejected because the remote contains work that you do not
hint: have locally. This is usually caused by another repository pushing to
hint: the same ref. If you want to integrate the remote changes, use
hint: 'git pull' before pushing again.
hint: See the 'Note about fast-forwards' in 'git push --help' for details.
To https://github.com/netwebmedia/netwebmedia.git
 ! [rejected]            main -> main (fetch first)
error: failed to push some refs to 'https://github.com/netwebmedia/netwebmedia.git'
hint: Updates were rejected because the remote contains work that you do not
hint: have locally. This is usually caused by another repository pushing to
hint: the same ref. If you want to integrate the remote changes, use
hint: 'git pull' before pushing again.
hint: See the 'Note about fast-forwards' in 'git push --help' for details.
